#
# There is insufficient memory for the Java Runtime Environment to continue.
# Native memory allocation (mmap) failed to map 140509184 bytes for committing reserved memory.
# Possible reasons:
#   The system is out of physical RAM or swap space
#   In 32 bit mode, the process size limit was hit
# Possible solutions:
#   Reduce memory load on the system
#   Increase physical memory or swap space
#   Check if swap backing store is full
#   Use 64 bit Java on a 64 bit OS
#   Decrease Java heap size (-Xmx/-Xms)
#   Decrease number of Java threads
#   Decrease Java thread stack sizes (-Xss)
#   Set larger code cache with -XX:ReservedCodeCacheSize=
# This output file may be truncated or incomplete.
#
#  Out of Memory Error (os_linux.cpp:2627), pid=8985, tid=0x00007f744d225700
#
# JRE version: OpenJDK Runtime Environment (8.0_112-b06) (build 1.8.0_112-release-b06)
# Java VM: OpenJDK 64-Bit Server VM (25.112-b06 mixed mode linux-amd64 compressed oops)
# Failed to write core dump. Core dumps have been disabled. To enable core dumping, try "ulimit -c unlimited" before starting Java again
#

---------------  T H R E A D  ---------------

Current thread (0x00007f7460077800):  VMThread [stack: 0x00007f744d125000,0x00007f744d226000] [id=9003]

Stack: [0x00007f744d125000,0x00007f744d226000],  sp=0x00007f744d2244c0,  free space=1021k
Native frames: (J=compiled Java code, j=interpreted, Vv=VM code, C=native code)
V  [libjvm.so+0x9e465d]  VMError::report_and_die()+0x15d
V  [libjvm.so+0x4b6ada]  report_vm_out_of_memory(char const*, int, unsigned long, VMErrorType, char const*)+0x8a
V  [libjvm.so+0x84c860]  os::pd_commit_memory(char*, unsigned long, unsigned long, bool)+0xf0
V  [libjvm.so+0x84737f]  os::commit_memory(char*, unsigned long, unsigned long, bool)+0x1f
V  [libjvm.so+0x8bd3db]  PSVirtualSpace::expand_by(unsigned long)+0x5b
V  [libjvm.so+0x8be050]  PSYoungGen::resize_generation(unsigned long, unsigned long)+0xb0
V  [libjvm.so+0x8be36b]  PSYoungGen::resize(unsigned long, unsigned long)+0x1b
V  [libjvm.so+0x8baa5c]  PSScavenge::invoke_no_policy()+0xdac
V  [libjvm.so+0x8bb238]  PSScavenge::invoke()+0x38
V  [libjvm.so+0x86fcf3]  ParallelScavengeHeap::failed_mem_allocate(unsigned long)+0x63
V  [libjvm.so+0x9e6124]  VM_ParallelGCFailedAllocation::doit()+0x84
V  [libjvm.so+0x9ea537]  VM_Operation::evaluate()+0x47
V  [libjvm.so+0x9e8ff8]  VMThread::evaluate_operation(VM_Operation*)+0x2c8
V  [libjvm.so+0x9e9479]  VMThread::loop()+0x219
V  [libjvm.so+0x9e98c2]  VMThread::run()+0x72
V  [libjvm.so+0x849c82]  java_start(Thread*)+0xf2

VM_Operation (0x00007f74677f6620): ParallelGCFailedAllocation, mode: safepoint, requested by thread 0x00007f746000a000


---------------  P R O C E S S  ---------------

Java Threads: ( => current thread )
  0x00007f74600c8000 JavaThread "Service Thread" daemon [_thread_blocked, id=9031, stack(0x00007f744c746000,0x00007f744c847000)]
  0x00007f74600bd000 JavaThread "C1 CompilerThread2" daemon [_thread_blocked, id=9030, stack(0x00007f744c847000,0x00007f744c948000)]
  0x00007f74600bb000 JavaThread "C2 CompilerThread1" daemon [_thread_blocked, id=9029, stack(0x00007f744c948000,0x00007f744ca49000)]
  0x00007f74600b8000 JavaThread "C2 CompilerThread0" daemon [_thread_blocked, id=9028, stack(0x00007f744ca49000,0x00007f744cb4a000)]
  0x00007f74600b7000 JavaThread "Signal Dispatcher" daemon [_thread_blocked, id=9027, stack(0x00007f744cb4a000,0x00007f744cc4b000)]
  0x00007f7460083800 JavaThread "Finalizer" daemon [_thread_blocked, id=9017, stack(0x00007f744cf23000,0x00007f744d024000)]
  0x00007f746007f000 JavaThread "Reference Handler" daemon [_thread_blocked, id=9013, stack(0x00007f744d024000,0x00007f744d125000)]
  0x00007f746000a000 JavaThread "main" [_thread_blocked, id=8991, stack(0x00007f74676f9000,0x00007f74677fa000)]

Other Threads:
=>0x00007f7460077800 VMThread [stack: 0x00007f744d125000,0x00007f744d226000] [id=9003]
  0x00007f74600ca800 WatcherThread [stack: 0x00007f744c645000,0x00007f744c746000] [id=9032]

VM state:at safepoint (normal execution)

VM Mutex/Monitor currently owned by a thread:  ([mutex/lock_event])
[0x00007f74600064d0] Threads_lock - owner thread: 0x00007f7460077800
[0x00007f74600069d0] Heap_lock - owner thread: 0x00007f746000a000

Heap:
 PSYoungGen      total 135168K, used 13806K [0x00000000eab00000, 0x00000000f3e00000, 0x0000000100000000)
  eden space 121344K, 0% used [0x00000000eab00000,0x00000000eab00000,0x00000000f2180000)
  from space 13824K, 99% used [0x00000000f2180000,0x00000000f2efb808,0x00000000f2f00000)
  to   space 12288K, 0% used [0x00000000f2f00000,0x00000000f2f00000,0x00000000f3b00000)
 ParOldGen       total 40960K, used 35428K [0x00000000c0000000, 0x00000000c2800000, 0x00000000eab00000)
  object space 40960K, 86% used [0x00000000c0000000,0x00000000c2299278,0x00000000c2800000)
 Metaspace       used 6249K, capacity 7216K, committed 7296K, reserved 1056768K
  class space    used 592K, capacity 616K, committed 640K, reserved 1048576K

Card table byte_map: [0x00007f7464390000,0x00007f7464591000] byte_map_base: 0x00007f7463d90000

Marking Bits: (ParMarkBitMap*) 0x00007f7466bcd340
 Begin Bits: [0x00007f744edfe000, 0x00007f744fdfe000)
 End Bits:   [0x00007f744fdfe000, 0x00007f7450dfe000)

Polling page: 0x00007f7467820000

CodeCache: size=245760Kb used=6991Kb max_used=6991Kb free=238768Kb
 bounds [0x00007f7451000000, 0x00007f74516e0000, 0x00007f7460000000]
 total_blobs=2071 nmethods=1804 adapters=182
 compilation: enabled

Compilation events (10 events):
Event: 7.767 Thread 0x00007f74600bd000 2220       2       com.android.dx.dex.file.TypeIdItem::addContents (16 bytes)
Event: 7.767 Thread 0x00007f74600bd000 nmethod 2220 0x00007f74516d5590 code [0x00007f74516d5720, 0x00007f74516d5ac8]
Event: 7.789 Thread 0x00007f74600bd000 2221       1       com.android.dx.dex.file.DexFile::getStringData (5 bytes)
Event: 7.789 Thread 0x00007f74600bd000 nmethod 2221 0x00007f74516d5d50 code [0x00007f74516d5ea0, 0x00007f74516d5fb0]
Event: 7.789 Thread 0x00007f74600bd000 2222       2       com.android.dx.dex.file.StringIdItem::addContents (36 bytes)
Event: 7.790 Thread 0x00007f74600bd000 nmethod 2222 0x00007f74516d6010 code [0x00007f74516d61a0, 0x00007f74516d64b8]
Event: 7.801 Thread 0x00007f74600bd000 2223       2       com.android.dx.dex.file.StringDataItem::addContents (1 bytes)
Event: 7.801 Thread 0x00007f74600bd000 nmethod 2223 0x00007f74516d6850 code [0x00007f74516d69a0, 0x00007f74516d6af0]
Event: 7.801 Thread 0x00007f74600bd000 2224       1       com.android.dx.dex.file.StringDataItem::addContents (1 bytes)
Event: 7.801 Thread 0x00007f74600bd000 nmethod 2224 0x00007f74516d6b90 code [0x00007f74516d6ce0, 0x00007f74516d6df0]

GC Heap History (10 events):
Event: 1.770 GC heap after
Heap after GC invocations=2 (full 0):
 PSYoungGen      total 33280K, used 2558K [0x00000000eab00000, 0x00000000ece00000, 0x0000000100000000)
  eden space 30720K, 0% used [0x00000000eab00000,0x00000000eab00000,0x00000000ec900000)
  from space 2560K, 99% used [0x00000000ecb80000,0x00000000ecdffac0,0x00000000ece00000)
  to   space 2560K, 0% used [0x00000000ec900000,0x00000000ec900000,0x00000000ecb80000)
 ParOldGen       total 40960K, used 4049K [0x00000000c0000000, 0x00000000c2800000, 0x00000000eab00000)
  object space 40960K, 9% used [0x00000000c0000000,0x00000000c03f4788,0x00000000c2800000)
 Metaspace       used 5604K, capacity 6768K, committed 7040K, reserved 1056768K
  class space    used 565K, capacity 616K, committed 640K, reserved 1048576K
}
Event: 2.590 GC heap before
{Heap before GC invocations=3 (full 0):
 PSYoungGen      total 33280K, used 33278K [0x00000000eab00000, 0x00000000ece00000, 0x0000000100000000)
  eden space 30720K, 100% used [0x00000000eab00000,0x00000000ec900000,0x00000000ec900000)
  from space 2560K, 99% used [0x00000000ecb80000,0x00000000ecdffac0,0x00000000ece00000)
  to   space 2560K, 0% used [0x00000000ec900000,0x00000000ec900000,0x00000000ecb80000)
 ParOldGen       total 40960K, used 4049K [0x00000000c0000000, 0x00000000c2800000, 0x00000000eab00000)
  object space 40960K, 9% used [0x00000000c0000000,0x00000000c03f4788,0x00000000c2800000)
 Metaspace       used 5662K, capacity 6832K, committed 7040K, reserved 1056768K
  class space    used 566K, capacity 616K, committed 640K, reserved 1048576K
Event: 2.678 GC heap after
Heap after GC invocations=3 (full 0):
 PSYoungGen      total 33280K, used 2535K [0x00000000eab00000, 0x00000000eec00000, 0x0000000100000000)
  eden space 30720K, 0% used [0x00000000eab00000,0x00000000eab00000,0x00000000ec900000)
  from space 2560K, 99% used [0x00000000ec900000,0x00000000ecb79fa8,0x00000000ecb80000)
  to   space 2560K, 0% used [0x00000000ee980000,0x00000000ee980000,0x00000000eec00000)
 ParOldGen       total 40960K, used 8968K [0x00000000c0000000, 0x00000000c2800000, 0x00000000eab00000)
  object space 40960K, 21% used [0x00000000c0000000,0x00000000c08c2118,0x00000000c2800000)
 Metaspace       used 5662K, capacity 6832K, committed 7040K, reserved 1056768K
  class space    used 566K, capacity 616K, committed 640K, reserved 1048576K
}
Event: 3.237 GC heap before
{Heap before GC invocations=4 (full 0):
 PSYoungGen      total 33280K, used 33255K [0x00000000eab00000, 0x00000000eec00000, 0x0000000100000000)
  eden space 30720K, 100% used [0x00000000eab00000,0x00000000ec900000,0x00000000ec900000)
  from space 2560K, 99% used [0x00000000ec900000,0x00000000ecb79fa8,0x00000000ecb80000)
  to   space 2560K, 0% used [0x00000000ee980000,0x00000000ee980000,0x00000000eec00000)
 ParOldGen       total 40960K, used 8968K [0x00000000c0000000, 0x00000000c2800000, 0x00000000eab00000)
  object space 40960K, 21% used [0x00000000c0000000,0x00000000c08c2118,0x00000000c2800000)
 Metaspace       used 5720K, capacity 6896K, committed 7040K, reserved 1056768K
  class space    used 566K, capacity 616K, committed 640K, reserved 1048576K
Event: 3.365 GC heap after
Heap after GC invocations=4 (full 0):
 PSYoungGen      total 64000K, used 2535K [0x00000000eab00000, 0x00000000eec00000, 0x0000000100000000)
  eden space 61440K, 0% used [0x00000000eab00000,0x00000000eab00000,0x00000000ee700000)
  from space 2560K, 99% used [0x00000000ee980000,0x00000000eebf9fa8,0x00000000eec00000)
  to   space 2560K, 0% used [0x00000000ee700000,0x00000000ee700000,0x00000000ee980000)
 ParOldGen       total 40960K, used 13230K [0x00000000c0000000, 0x00000000c2800000, 0x00000000eab00000)
  object space 40960K, 32% used [0x00000000c0000000,0x00000000c0ceb800,0x00000000c2800000)
 Metaspace       used 5720K, capacity 6896K, committed 7040K, reserved 1056768K
  class space    used 566K, capacity 616K, committed 640K, reserved 1048576K
}
Event: 4.796 GC heap before
{Heap before GC invocations=5 (full 0):
 PSYoungGen      total 64000K, used 63975K [0x00000000eab00000, 0x00000000eec00000, 0x0000000100000000)
  eden space 61440K, 100% used [0x00000000eab00000,0x00000000ee700000,0x00000000ee700000)
  from space 2560K, 99% used [0x00000000ee980000,0x00000000eebf9fa8,0x00000000eec00000)
  to   space 2560K, 0% used [0x00000000ee700000,0x00000000ee700000,0x00000000ee980000)
 ParOldGen       total 40960K, used 13230K [0x00000000c0000000, 0x00000000c2800000, 0x00000000eab00000)
  object space 40960K, 32% used [0x00000000c0000000,0x00000000c0ceb800,0x00000000c2800000)
 Metaspace       used 5842K, capacity 6960K, committed 7040K, reserved 1056768K
  class space    used 567K, capacity 616K, committed 640K, reserved 1048576K
Event: 4.911 GC heap after
Heap after GC invocations=5 (full 0):
 PSYoungGen      total 64000K, used 2532K [0x00000000eab00000, 0x00000000f3b00000, 0x0000000100000000)
  eden space 61440K, 0% used [0x00000000eab00000,0x00000000eab00000,0x00000000ee700000)
  from space 2560K, 98% used [0x00000000ee700000,0x00000000ee979130,0x00000000ee980000)
  to   space 12288K, 0% used [0x00000000f2f00000,0x00000000f2f00000,0x00000000f3b00000)
 ParOldGen       total 40960K, used 22844K [0x00000000c0000000, 0x00000000c2800000, 0x00000000eab00000)
  object space 40960K, 55% used [0x00000000c0000000,0x00000000c164f398,0x00000000c2800000)
 Metaspace       used 5842K, capacity 6960K, committed 7040K, reserved 1056768K
  class space    used 567K, capacity 616K, committed 640K, reserved 1048576K
}
Event: 5.801 GC heap before
{Heap before GC invocations=6 (full 0):
 PSYoungGen      total 64000K, used 63972K [0x00000000eab00000, 0x00000000f3b00000, 0x0000000100000000)
  eden space 61440K, 100% used [0x00000000eab00000,0x00000000ee700000,0x00000000ee700000)
  from space 2560K, 98% used [0x00000000ee700000,0x00000000ee979130,0x00000000ee980000)
  to   space 12288K, 0% used [0x00000000f2f00000,0x00000000f2f00000,0x00000000f3b00000)
 ParOldGen       total 40960K, used 22844K [0x00000000c0000000, 0x00000000c2800000, 0x00000000eab00000)
  object space 40960K, 55% used [0x00000000c0000000,0x00000000c164f398,0x00000000c2800000)
 Metaspace       used 5940K, capacity 6960K, committed 7040K, reserved 1056768K
  class space    used 585K, capacity 616K, committed 640K, reserved 1048576K
Event: 5.852 GC heap after
Heap after GC invocations=6 (full 0):
 PSYoungGen      total 133632K, used 11580K [0x00000000eab00000, 0x00000000f3e00000, 0x0000000100000000)
  eden space 121344K, 0% used [0x00000000eab00000,0x00000000eab00000,0x00000000f2180000)
  from space 12288K, 94% used [0x00000000f2f00000,0x00000000f3a4f048,0x00000000f3b00000)
  to   space 13824K, 0% used [0x00000000f2180000,0x00000000f2180000,0x00000000f2f00000)
 ParOldGen       total 40960K, used 22844K [0x00000000c0000000, 0x00000000c2800000, 0x00000000eab00000)
  object space 40960K, 55% used [0x00000000c0000000,0x00000000c164f398,0x00000000c2800000)
 Metaspace       used 5940K, capacity 6960K, committed 7040K, reserved 1056768K
  class space    used 585K, capacity 616K, committed 640K, reserved 1048576K
}
Event: 7.802 GC heap before
{Heap before GC invocations=7 (full 0):
 PSYoungGen      total 133632K, used 132924K [0x00000000eab00000, 0x00000000f3e00000, 0x0000000100000000)
  eden space 121344K, 100% used [0x00000000eab00000,0x00000000f2180000,0x00000000f2180000)
  from space 12288K, 94% used [0x00000000f2f00000,0x00000000f3a4f048,0x00000000f3b00000)
  to   space 13824K, 0% used [0x00000000f2180000,0x00000000f2180000,0x00000000f2f00000)
 ParOldGen       total 40960K, used 22844K [0x00000000c0000000, 0x00000000c2800000, 0x00000000eab00000)
  object space 40960K, 55% used [0x00000000c0000000,0x00000000c164f398,0x00000000c2800000)
 Metaspace       used 6249K, capacity 7216K, committed 7296K, reserved 1056768K
  class space    used 592K, capacity 616K, committed 640K, reserved 1048576K

Deoptimization events (10 events):
Event: 2.360 Thread 0x00007f74601b1800 Uncommon trap: reason=null_check action=make_not_entrant pc=0x00007f74512b7530 method=com.android.dx.ssa.SsaRenamer.getLocalForNewReg(I)Lcom/android/dx/rop/code/LocalItem; @ 19
Event: 5.256 Thread 0x00007f74601b4000 Uncommon trap: reason=unstable_if action=reinterpret pc=0x00007f74515030f8 method=java.util.HashMap.putVal(ILjava/lang/Object;Ljava/lang/Object;ZZ)Ljava/lang/Object; @ 162
Event: 5.305 Thread 0x00007f74601b4000 Uncommon trap: reason=unstable_if action=reinterpret pc=0x00007f7451316c94 method=java.util.HashMap.getNode(ILjava/lang/Object;)Ljava/util/HashMap$Node; @ 84
Event: 5.875 Thread 0x00007f74601b4000 Uncommon trap: reason=unstable_if action=reinterpret pc=0x00007f74514bd8c8 method=java.util.HashMap.getNode(ILjava/lang/Object;)Ljava/util/HashMap$Node; @ 84
Event: 5.896 Thread 0x00007f746000a000 Uncommon trap: reason=unstable_if action=reinterpret pc=0x00007f7451594ce4 method=java.util.HashMap.putVal(ILjava/lang/Object;Ljava/lang/Object;ZZ)Ljava/lang/Object; @ 109
Event: 6.927 Thread 0x00007f74601b4000 Uncommon trap: reason=unstable_if action=reinterpret pc=0x00007f7451602508 method=com.android.dx.dex.code.OutputFinisher.hasLocalInfo(Lcom/android/dx/dex/code/DalvInsn;)Z @ 24
Event: 7.301 Thread 0x00007f746000a000 Uncommon trap: reason=class_check action=maybe_recompile pc=0x00007f74514ef1b4 method=java.util.Arrays.hashCode([Ljava/lang/Object;)I @ 43
Event: 7.301 Thread 0x00007f746000a000 Uncommon trap: reason=class_check action=maybe_recompile pc=0x00007f74514ef1b4 method=java.util.Arrays.hashCode([Ljava/lang/Object;)I @ 43
Event: 7.301 Thread 0x00007f746000a000 Uncommon trap: reason=class_check action=maybe_recompile pc=0x00007f74514ef1b4 method=java.util.Arrays.hashCode([Ljava/lang/Object;)I @ 43
Event: 7.301 Thread 0x00007f746000a000 Uncommon trap: reason=class_check action=maybe_recompile pc=0x00007f74514ef1b4 method=java.util.Arrays.hashCode([Ljava/lang/Object;)I @ 43

Internal exceptions (7 events):
Event: 0.027 Thread 0x00007f746000a000 Exception <a 'java/lang/NoSuchMethodError': Method sun.misc.Unsafe.defineClass(Ljava/lang/String;[BII)Ljava/lang/Class; name or signature does not match> (0x00000000eab07c78) thrown at [/ssd/Android/AOSP-openjdk/external/jetbrains/jdk/hotspot/src/share/vm
Event: 0.027 Thread 0x00007f746000a000 Exception <a 'java/lang/NoSuchMethodError': Method sun.misc.Unsafe.prefetchRead(Ljava/lang/Object;J)V name or signature does not match> (0x00000000eab07f60) thrown at [/ssd/Android/AOSP-openjdk/external/jetbrains/jdk/hotspot/src/share/vm/prims/jni.cpp, li
Event: 1.599 Thread 0x00007f74601b1800 Implicit null exception at 0x00007f74512a68c8 to 0x00007f74512a7e69
Event: 2.360 Thread 0x00007f74601b1800 Implicit null exception at 0x00007f74512b5c07 to 0x00007f74512b74e5
Event: 5.274 Thread 0x00007f74601b4000 Exception <a 'java/lang/ArrayIndexOutOfBoundsException': 18> (0x00000000ec28c180) thrown at [/ssd/Android/AOSP-openjdk/external/jetbrains/jdk/hotspot/src/share/vm/interpreter/interpreterRuntime.cpp, line 366]
Event: 5.274 Thread 0x00007f74601b4000 Exception <a 'java/lang/ArrayIndexOutOfBoundsException': 145> (0x00000000ec28dd00) thrown at [/ssd/Android/AOSP-openjdk/external/jetbrains/jdk/hotspot/src/share/vm/interpreter/interpreterRuntime.cpp, line 366]
Event: 5.289 Thread 0x00007f74601b4000 Exception <a 'java/lang/ArrayIndexOutOfBoundsException': 40> (0x00000000ec28efe8) thrown at [/ssd/Android/AOSP-openjdk/external/jetbrains/jdk/hotspot/src/share/vm/interpreter/interpreterRuntime.cpp, line 366]

Events (10 events):
Event: 7.745 Thread 0x00007f746000a000 DEOPT UNPACKING pc=0x00007f7451047373 sp=0x00007f74677f8138 mode 0
Event: 7.766 Thread 0x00007f746000a000 DEOPT PACKING pc=0x00007f74516808ff sp=0x00007f74677f8420
Event: 7.766 Thread 0x00007f746000a000 DEOPT UNPACKING pc=0x00007f7451047373 sp=0x00007f74677f81a0 mode 0
Event: 7.773 loading class com/android/dex/Leb128
Event: 7.773 loading class com/android/dex/Leb128 done
Event: 7.802 loading class java/util/Collections$1
Event: 7.802 loading class java/util/Collections$1 done
Event: 7.802 loading class com/android/dx/dex/file/MixedItemSection$2
Event: 7.802 loading class com/android/dx/dex/file/MixedItemSection$2 done
Event: 7.802 Executing VM operation: ParallelGCFailedAllocation


Dynamic libraries:
00400000-00401000 r-xp 00000000 08:04 2502213                            /usr/local/android-studio/jre/bin/java
00600000-00601000 r--p 00000000 08:04 2502213                            /usr/local/android-studio/jre/bin/java
00601000-00602000 rw-p 00001000 08:04 2502213                            /usr/local/android-studio/jre/bin/java
01430000-01451000 rw-p 00000000 00:00 0                                  [heap]
c0000000-c2800000 rw-p 00000000 00:00 0 
c2800000-eab00000 ---p 00000000 00:00 0 
eab00000-f3e00000 rw-p 00000000 00:00 0 
fc400000-100000000 ---p 00000000 00:00 0 
100000000-1000a0000 rw-p 00000000 00:00 0 
1000a0000-140000000 ---p 00000000 00:00 0 
7f7400000000-7f7400029000 rw-p 00000000 00:00 0 
7f7400029000-7f7404000000 ---p 00000000 00:00 0 
7f7408000000-7f7408022000 rw-p 00000000 00:00 0 
7f7408022000-7f740c000000 ---p 00000000 00:00 0 
7f740c000000-7f740c021000 rw-p 00000000 00:00 0 
7f740c021000-7f7410000000 ---p 00000000 00:00 0 
7f7410000000-7f741003d000 rw-p 00000000 00:00 0 
7f741003d000-7f7414000000 ---p 00000000 00:00 0 
7f7414000000-7f7414021000 rw-p 00000000 00:00 0 
7f7414021000-7f7418000000 ---p 00000000 00:00 0 
7f7418000000-7f7418021000 rw-p 00000000 00:00 0 
7f7418021000-7f741c000000 ---p 00000000 00:00 0 
7f741c000000-7f741cb8b000 rw-p 00000000 00:00 0 
7f741cb8b000-7f7420000000 ---p 00000000 00:00 0 
7f7420000000-7f7420962000 rw-p 00000000 00:00 0 
7f7420962000-7f7424000000 ---p 00000000 00:00 0 
7f7424000000-7f7424021000 rw-p 00000000 00:00 0 
7f7424021000-7f7428000000 ---p 00000000 00:00 0 
7f7428000000-7f7428021000 rw-p 00000000 00:00 0 
7f7428021000-7f742c000000 ---p 00000000 00:00 0 
7f742c000000-7f742cb0e000 rw-p 00000000 00:00 0 
7f742cb0e000-7f7430000000 ---p 00000000 00:00 0 
7f7430000000-7f7430021000 rw-p 00000000 00:00 0 
7f7430021000-7f7434000000 ---p 00000000 00:00 0 
7f7434000000-7f7434021000 rw-p 00000000 00:00 0 
7f7434021000-7f7438000000 ---p 00000000 00:00 0 
7f7438000000-7f7438021000 rw-p 00000000 00:00 0 
7f7438021000-7f743c000000 ---p 00000000 00:00 0 
7f743c000000-7f743c27e000 rw-p 00000000 00:00 0 
7f743c27e000-7f7440000000 ---p 00000000 00:00 0 
7f7440000000-7f7440025000 rw-p 00000000 00:00 0 
7f7440025000-7f7444000000 ---p 00000000 00:00 0 
7f7444000000-7f7444021000 rw-p 00000000 00:00 0 
7f7444021000-7f7448000000 ---p 00000000 00:00 0 
7f7448000000-7f7448021000 rw-p 00000000 00:00 0 
7f7448021000-7f744c000000 ---p 00000000 00:00 0 
7f744c137000-7f744c13a000 ---p 00000000 00:00 0 
7f744c13a000-7f744c238000 rw-p 00000000 00:00 0 
7f744c238000-7f744c23b000 ---p 00000000 00:00 0 
7f744c23b000-7f744c339000 rw-p 00000000 00:00 0 
7f744c339000-7f744c33c000 ---p 00000000 00:00 0 
7f744c33c000-7f744c43a000 rw-p 00000000 00:00 0 
7f744c43a000-7f744c43d000 ---p 00000000 00:00 0 
7f744c43d000-7f744c53b000 rw-p 00000000 00:00 0 
7f744c53b000-7f744c53e000 ---p 00000000 00:00 0 
7f744c53e000-7f744c63c000 rw-p 00000000 00:00 0 
7f744c645000-7f744c646000 ---p 00000000 00:00 0 
7f744c646000-7f744c746000 rw-p 00000000 00:00 0 
7f744c746000-7f744c749000 ---p 00000000 00:00 0 
7f744c749000-7f744c847000 rw-p 00000000 00:00 0 
7f744c847000-7f744c84a000 ---p 00000000 00:00 0 
7f744c84a000-7f744c948000 rw-p 00000000 00:00 0 
7f744c948000-7f744c94b000 ---p 00000000 00:00 0 
7f744c94b000-7f744ca49000 rw-p 00000000 00:00 0 
7f744ca49000-7f744ca4c000 ---p 00000000 00:00 0 
7f744ca4c000-7f744cb4a000 rw-p 00000000 00:00 0 
7f744cb4a000-7f744cb4d000 ---p 00000000 00:00 0 
7f744cb4d000-7f744cc4b000 rw-p 00000000 00:00 0 
7f744cc4b000-7f744cf23000 r--p 00000000 08:04 3543374                    /usr/lib/locale/locale-archive
7f744cf23000-7f744cf26000 ---p 00000000 00:00 0 
7f744cf26000-7f744d024000 rw-p 00000000 00:00 0 
7f744d024000-7f744d027000 ---p 00000000 00:00 0 
7f744d027000-7f744d125000 rw-p 00000000 00:00 0 
7f744d125000-7f744d126000 ---p 00000000 00:00 0 
7f744d126000-7f744e1b9000 rw-p 00000000 00:00 0 
7f744e1b9000-7f744e388000 r--s 03c1b000 08:04 2639507                    /usr/local/android-studio/jre/jre/lib/rt.jar
7f744e388000-7f744ea7e000 rw-p 00000000 00:00 0 
7f744ea7e000-7f744ebfe000 ---p 00000000 00:00 0 
7f744ebfe000-7f7450dfe000 rw-p 00000000 00:00 0 
7f7450dfe000-7f7450dff000 ---p 00000000 00:00 0 
7f7450dff000-7f7450eff000 rw-p 00000000 00:00 0 
7f7450eff000-7f7450f00000 ---p 00000000 00:00 0 
7f7450f00000-7f7451000000 rw-p 00000000 00:00 0 
7f7451000000-7f74516e0000 rwxp 00000000 00:00 0 
7f74516e0000-7f7460000000 ---p 00000000 00:00 0 
7f7460000000-7f74603b8000 rw-p 00000000 00:00 0 
7f74603b8000-7f7464000000 ---p 00000000 00:00 0 
7f7464008000-7f7464017000 r--s 000df000 08:04 326267                     /home/rajvardhan/Android/Sdk/build-tools/23.0.1/lib/dx.jar
7f7464017000-7f7464038000 rw-p 00000000 00:00 0 
7f7464038000-7f7464039000 ---p 00000000 00:00 0 
7f7464039000-7f7464139000 rw-p 00000000 00:00 0 
7f7464139000-7f746413a000 ---p 00000000 00:00 0 
7f746413a000-7f746424e000 rw-p 00000000 00:00 0 
7f746424e000-7f7464390000 ---p 00000000 00:00 0 
7f7464390000-7f74643a4000 rw-p 00000000 00:00 0 
7f74643a4000-7f74644e5000 ---p 00000000 00:00 0 
7f74644e5000-7f746452f000 rw-p 00000000 00:00 0 
7f746452f000-7f7464590000 ---p 00000000 00:00 0 
7f7464590000-7f74645ad000 rw-p 00000000 00:00 0 
7f74645ad000-7f7464951000 ---p 00000000 00:00 0 
7f7464951000-7f746496b000 r-xp 00000000 08:04 2639534                    /usr/local/android-studio/jre/jre/lib/amd64/libzip.so
7f746496b000-7f7464b6b000 ---p 0001a000 08:04 2639534                    /usr/local/android-studio/jre/jre/lib/amd64/libzip.so
7f7464b6b000-7f7464b6c000 r--p 0001a000 08:04 2639534                    /usr/local/android-studio/jre/jre/lib/amd64/libzip.so
7f7464b6c000-7f7464b6d000 rw-p 0001b000 08:04 2639534                    /usr/local/android-studio/jre/jre/lib/amd64/libzip.so
7f7464b6d000-7f7464b78000 r-xp 00000000 08:04 5636304                    /lib/x86_64-linux-gnu/libnss_files-2.23.so
7f7464b78000-7f7464d77000 ---p 0000b000 08:04 5636304                    /lib/x86_64-linux-gnu/libnss_files-2.23.so
7f7464d77000-7f7464d78000 r--p 0000a000 08:04 5636304                    /lib/x86_64-linux-gnu/libnss_files-2.23.so
7f7464d78000-7f7464d79000 rw-p 0000b000 08:04 5636304                    /lib/x86_64-linux-gnu/libnss_files-2.23.so
7f7464d79000-7f7464d7f000 rw-p 00000000 00:00 0 
7f7464d7f000-7f7464d8a000 r-xp 00000000 08:04 5636310                    /lib/x86_64-linux-gnu/libnss_nis-2.23.so
7f7464d8a000-7f7464f89000 ---p 0000b000 08:04 5636310                    /lib/x86_64-linux-gnu/libnss_nis-2.23.so
7f7464f89000-7f7464f8a000 r--p 0000a000 08:04 5636310                    /lib/x86_64-linux-gnu/libnss_nis-2.23.so
7f7464f8a000-7f7464f8b000 rw-p 0000b000 08:04 5636310                    /lib/x86_64-linux-gnu/libnss_nis-2.23.so
7f7464f8b000-7f7464fa1000 r-xp 00000000 08:04 5636296                    /lib/x86_64-linux-gnu/libnsl-2.23.so
7f7464fa1000-7f74651a0000 ---p 00016000 08:04 5636296                    /lib/x86_64-linux-gnu/libnsl-2.23.so
7f74651a0000-7f74651a1000 r--p 00015000 08:04 5636296                    /lib/x86_64-linux-gnu/libnsl-2.23.so
7f74651a1000-7f74651a2000 rw-p 00016000 08:04 5636296                    /lib/x86_64-linux-gnu/libnsl-2.23.so
7f74651a2000-7f74651a4000 rw-p 00000000 00:00 0 
7f74651a4000-7f74651ac000 r-xp 00000000 08:04 5636322                    /lib/x86_64-linux-gnu/libnss_compat-2.23.so
7f74651ac000-7f74653ab000 ---p 00008000 08:04 5636322                    /lib/x86_64-linux-gnu/libnss_compat-2.23.so
7f74653ab000-7f74653ac000 r--p 00007000 08:04 5636322                    /lib/x86_64-linux-gnu/libnss_compat-2.23.so
7f74653ac000-7f74653ad000 rw-p 00008000 08:04 5636322                    /lib/x86_64-linux-gnu/libnss_compat-2.23.so
7f74653ad000-7f74653da000 r-xp 00000000 08:04 2639544                    /usr/local/android-studio/jre/jre/lib/amd64/libjava.so
7f74653da000-7f74655d9000 ---p 0002d000 08:04 2639544                    /usr/local/android-studio/jre/jre/lib/amd64/libjava.so
7f74655d9000-7f74655da000 r--p 0002c000 08:04 2639544                    /usr/local/android-studio/jre/jre/lib/amd64/libjava.so
7f74655da000-7f74655dc000 rw-p 0002d000 08:04 2639544                    /usr/local/android-studio/jre/jre/lib/amd64/libjava.so
7f74655dc000-7f74655ec000 r-xp 00000000 08:04 2639560                    /usr/local/android-studio/jre/jre/lib/amd64/libverify.so
7f74655ec000-7f74657eb000 ---p 00010000 08:04 2639560                    /usr/local/android-studio/jre/jre/lib/amd64/libverify.so
7f74657eb000-7f74657ed000 r--p 0000f000 08:04 2639560                    /usr/local/android-studio/jre/jre/lib/amd64/libverify.so
7f74657ed000-7f74657ee000 rw-p 00011000 08:04 2639560                    /usr/local/android-studio/jre/jre/lib/amd64/libverify.so
7f74657ee000-7f74657f5000 r-xp 00000000 08:04 5636314                    /lib/x86_64-linux-gnu/librt-2.23.so
7f74657f5000-7f74659f4000 ---p 00007000 08:04 5636314                    /lib/x86_64-linux-gnu/librt-2.23.so
7f74659f4000-7f74659f5000 r--p 00006000 08:04 5636314                    /lib/x86_64-linux-gnu/librt-2.23.so
7f74659f5000-7f74659f6000 rw-p 00007000 08:04 5636314                    /lib/x86_64-linux-gnu/librt-2.23.so
7f74659f6000-7f7465afe000 r-xp 00000000 08:04 5636332                    /lib/x86_64-linux-gnu/libm-2.23.so
7f7465afe000-7f7465cfd000 ---p 00108000 08:04 5636332                    /lib/x86_64-linux-gnu/libm-2.23.so
7f7465cfd000-7f7465cfe000 r--p 00107000 08:04 5636332                    /lib/x86_64-linux-gnu/libm-2.23.so
7f7465cfe000-7f7465cff000 rw-p 00108000 08:04 5636332                    /lib/x86_64-linux-gnu/libm-2.23.so
7f7465cff000-7f74668f0000 r-xp 00000000 08:04 2639564                    /usr/local/android-studio/jre/jre/lib/amd64/server/libjvm.so
7f74668f0000-7f7466af0000 ---p 00bf1000 08:04 2639564                    /usr/local/android-studio/jre/jre/lib/amd64/server/libjvm.so
7f7466af0000-7f7466b8f000 r--p 00bf1000 08:04 2639564                    /usr/local/android-studio/jre/jre/lib/amd64/server/libjvm.so
7f7466b8f000-7f7466bb8000 rw-p 00c90000 08:04 2639564                    /usr/local/android-studio/jre/jre/lib/amd64/server/libjvm.so
7f7466bb8000-7f7466bfc000 rw-p 00000000 00:00 0 
7f7466bfc000-7f7466c14000 r-xp 00000000 08:04 5636308                    /lib/x86_64-linux-gnu/libpthread-2.23.so
7f7466c14000-7f7466e13000 ---p 00018000 08:04 5636308                    /lib/x86_64-linux-gnu/libpthread-2.23.so
7f7466e13000-7f7466e14000 r--p 00017000 08:04 5636308                    /lib/x86_64-linux-gnu/libpthread-2.23.so
7f7466e14000-7f7466e15000 rw-p 00018000 08:04 5636308                    /lib/x86_64-linux-gnu/libpthread-2.23.so
7f7466e15000-7f7466e19000 rw-p 00000000 00:00 0 
7f7466e19000-7f7466e1c000 r-xp 00000000 08:04 5636320                    /lib/x86_64-linux-gnu/libdl-2.23.so
7f7466e1c000-7f746701b000 ---p 00003000 08:04 5636320                    /lib/x86_64-linux-gnu/libdl-2.23.so
7f746701b000-7f746701c000 r--p 00002000 08:04 5636320                    /lib/x86_64-linux-gnu/libdl-2.23.so
7f746701c000-7f746701d000 rw-p 00003000 08:04 5636320                    /lib/x86_64-linux-gnu/libdl-2.23.so
7f746701d000-7f74671dd000 r-xp 00000000 08:04 5636339                    /lib/x86_64-linux-gnu/libc-2.23.so
7f74671dd000-7f74673dd000 ---p 001c0000 08:04 5636339                    /lib/x86_64-linux-gnu/libc-2.23.so
7f74673dd000-7f74673e1000 r--p 001c0000 08:04 5636339                    /lib/x86_64-linux-gnu/libc-2.23.so
7f74673e1000-7f74673e3000 rw-p 001c4000 08:04 5636339                    /lib/x86_64-linux-gnu/libc-2.23.so
7f74673e3000-7f74673e7000 rw-p 00000000 00:00 0 
7f74673e7000-7f74673fd000 r-xp 00000000 08:04 2502186                    /usr/local/android-studio/jre/lib/amd64/jli/libjli.so
7f74673fd000-7f74675fc000 ---p 00016000 08:04 2502186                    /usr/local/android-studio/jre/lib/amd64/jli/libjli.so
7f74675fc000-7f74675fd000 r--p 00015000 08:04 2502186                    /usr/local/android-studio/jre/lib/amd64/jli/libjli.so
7f74675fd000-7f74675fe000 rw-p 00016000 08:04 2502186                    /usr/local/android-studio/jre/lib/amd64/jli/libjli.so
7f74675fe000-7f7467624000 r-xp 00000000 08:04 5636298                    /lib/x86_64-linux-gnu/ld-2.23.so
7f7467628000-7f74676f9000 rw-p 00000000 00:00 0 
7f74676f9000-7f74676fc000 ---p 00000000 00:00 0 
7f74676fc000-7f74677fe000 rw-p 00000000 00:00 0 
7f7467803000-7f7467817000 rw-p 00000000 00:00 0 
7f7467817000-7f746781f000 rw-s 00000000 08:04 335010                     /tmp/hsperfdata_rajvardhan/8985
7f746781f000-7f7467820000 rw-p 00000000 00:00 0 
7f7467820000-7f7467821000 ---p 00000000 00:00 0 
7f7467821000-7f7467823000 rw-p 00000000 00:00 0 
7f7467823000-7f7467824000 r--p 00025000 08:04 5636298                    /lib/x86_64-linux-gnu/ld-2.23.so
7f7467824000-7f7467825000 rw-p 00026000 08:04 5636298                    /lib/x86_64-linux-gnu/ld-2.23.so
7f7467825000-7f7467826000 rw-p 00000000 00:00 0 
7ffecd8a1000-7ffecd8c3000 rw-p 00000000 00:00 0                          [stack]
7ffecd92a000-7ffecd92c000 r--p 00000000 00:00 0                          [vvar]
7ffecd92c000-7ffecd92e000 r-xp 00000000 00:00 0                          [vdso]
ffffffffff600000-ffffffffff601000 r-xp 00000000 00:00 0                  [vsyscall]

VM Arguments:
jvm_args: -Xmx1024M -Dfile.encoding=UTF-8 -Duser.country=US -Duser.language=en -Duser.variant 
java_command: com.android.dx.command.Main --dex --num-threads=4 --output /home/rajvardhan/Desktop/PetProj/WclDemoSample/wear/build/intermediates/pre-dexed/debug/classes-c94ee79fcbe00cdcfb97f306eb59756d0882aaf8.jar /home/rajvardhan/Desktop/PetProj/WclDemoSample/wear/build/intermediates/exploded-aar/com.android.support/appcompat-v7/23.1.1/jars/classes.jar
java_class_path (initial): /home/rajvardhan/Android/Sdk/build-tools/23.0.1/lib/dx.jar
Launcher Type: SUN_STANDARD

Environment Variables:
PATH=/home/rajvardhan/bin:/home/rajvardhan/.local/bin:/usr/local/sbin:/usr/local/bin:/usr/sbin:/usr/bin:/sbin:/bin:/usr/games:/usr/local/games:/snap/bin
LD_LIBRARY_PATH=bin:
SHELL=/usr/bin/zsh
DISPLAY=:0

Signal Handlers:
SIGSEGV: [libjvm.so+0x9e5150], sa_mask[0]=11111111011111111101111111111110, sa_flags=SA_RESTART|SA_SIGINFO
SIGBUS: [libjvm.so+0x9e5150], sa_mask[0]=11111111011111111101111111111110, sa_flags=SA_RESTART|SA_SIGINFO
SIGFPE: [libjvm.so+0x848450], sa_mask[0]=11111111011111111101111111111110, sa_flags=SA_RESTART|SA_SIGINFO
SIGPIPE: [libjvm.so+0x848450], sa_mask[0]=11111111011111111101111111111110, sa_flags=SA_RESTART|SA_SIGINFO
SIGXFSZ: [libjvm.so+0x848450], sa_mask[0]=11111111011111111101111111111110, sa_flags=SA_RESTART|SA_SIGINFO
SIGILL: [libjvm.so+0x848450], sa_mask[0]=11111111011111111101111111111110, sa_flags=SA_RESTART|SA_SIGINFO
SIGUSR1: SIG_DFL, sa_mask[0]=00000000000000000000000000000000, sa_flags=none
SIGUSR2: [libjvm.so+0x848320], sa_mask[0]=00100000000000000000000000000000, sa_flags=SA_RESTART|SA_SIGINFO
SIGHUP: [libjvm.so+0x848510], sa_mask[0]=11111111011111111101111111111110, sa_flags=SA_RESTART|SA_SIGINFO
SIGINT: [libjvm.so+0x848510], sa_mask[0]=11111111011111111101111111111110, sa_flags=SA_RESTART|SA_SIGINFO
SIGTERM: [libjvm.so+0x848510], sa_mask[0]=11111111011111111101111111111110, sa_flags=SA_RESTART|SA_SIGINFO
SIGQUIT: [libjvm.so+0x848510], sa_mask[0]=11111111011111111101111111111110, sa_flags=SA_RESTART|SA_SIGINFO


---------------  S Y S T E M  ---------------

OS:DISTRIB_ID=Ubuntu
DISTRIB_RELEASE=16.04
DISTRIB_CODENAME=xenial
DISTRIB_DESCRIPTION="Ubuntu 16.04.2 LTS"

uname:Linux 4.4.0-101-generic #124-Ubuntu SMP Fri Nov 10 18:29:59 UTC 2017 x86_64
libc:glibc 2.23 NPTL 2.23 
rlimit: STACK 8192k, CORE 0k, NPROC 15102, NOFILE 65536, AS infinity
load average:9.83 3.30 1.56

/proc/meminfo:
MemTotal:        3907028 kB
MemFree:          105960 kB
MemAvailable:      20008 kB
Buffers:             492 kB
Cached:           221804 kB
SwapCached:            0 kB
Active:          3402268 kB
Inactive:         191424 kB
Active(anon):    3399240 kB
Inactive(anon):   181924 kB
Active(file):       3028 kB
Inactive(file):     9500 kB
Unevictable:        8480 kB
Mlocked:            8480 kB
SwapTotal:             0 kB
SwapFree:              0 kB
Dirty:                96 kB
Writeback:             0 kB
AnonPages:       3380464 kB
Mapped:            93584 kB
Shmem:            201724 kB
Slab:              95264 kB
SReclaimable:      53908 kB
SUnreclaim:        41356 kB
KernelStack:       11904 kB
PageTables:        40096 kB
NFS_Unstable:          0 kB
Bounce:                0 kB
WritebackTmp:          0 kB
CommitLimit:     1953512 kB
Committed_AS:    7815480 kB
VmallocTotal:   34359738367 kB
VmallocUsed:           0 kB
VmallocChunk:          0 kB
HardwareCorrupted:     0 kB
AnonHugePages:   1556480 kB
CmaTotal:              0 kB
CmaFree:               0 kB
HugePages_Total:       0
HugePages_Free:        0
HugePages_Rsvd:        0
HugePages_Surp:        0
Hugepagesize:       2048 kB
DirectMap4k:      182848 kB
DirectMap2M:     3872768 kB


CPU:total 4 (2 cores per cpu, 2 threads per core) family 6 model 58 stepping 9, cmov, cx8, fxsr, mmx, sse, sse2, sse3, ssse3, sse4.1, sse4.2, popcnt, avx, aes, clmul, erms, ht, tsc, tscinvbit, tscinv

/proc/cpuinfo:
processor	: 0
vendor_id	: GenuineIntel
cpu family	: 6
model		: 58
model name	: Intel(R) Core(TM) i5-3210M CPU @ 2.50GHz
stepping	: 9
microcode	: 0x1c
cpu MHz		: 1209.179
cache size	: 3072 KB
physical id	: 0
siblings	: 4
core id		: 0
cpu cores	: 2
apicid		: 0
initial apicid	: 0
fpu		: yes
fpu_exception	: yes
cpuid level	: 13
wp		: yes
flags		: fpu vme de pse tsc msr pae mce cx8 apic sep mtrr pge mca cmov pat pse36 clflush dts acpi mmx fxsr sse sse2 ss ht tm pbe syscall nx rdtscp lm constant_tsc arch_perfmon pebs bts rep_good nopl xtopology nonstop_tsc aperfmperf eagerfpu pni pclmulqdq dtes64 monitor ds_cpl vmx est tm2 ssse3 cx16 xtpr pdcm pcid sse4_1 sse4_2 x2apic popcnt tsc_deadline_timer aes xsave avx f16c rdrand lahf_lm epb tpr_shadow vnmi flexpriority ept vpid fsgsbase smep erms xsaveopt dtherm ida arat pln pts
bugs		:
bogomips	: 4988.64
clflush size	: 64
cache_alignment	: 64
address sizes	: 36 bits physical, 48 bits virtual
power management:

processor	: 1
vendor_id	: GenuineIntel
cpu family	: 6
model		: 58
model name	: Intel(R) Core(TM) i5-3210M CPU @ 2.50GHz
stepping	: 9
microcode	: 0x1c
cpu MHz		: 1243.261
cache size	: 3072 KB
physical id	: 0
siblings	: 4
core id		: 0
cpu cores	: 2
apicid		: 1
initial apicid	: 1
fpu		: yes
fpu_exception	: yes
cpuid level	: 13
wp		: yes
flags		: fpu vme de pse tsc msr pae mce cx8 apic sep mtrr pge mca cmov pat pse36 clflush dts acpi mmx fxsr sse sse2 ss ht tm pbe syscall nx rdtscp lm constant_tsc arch_perfmon pebs bts rep_good nopl xtopology nonstop_tsc aperfmperf eagerfpu pni pclmulqdq dtes64 monitor ds_cpl vmx est tm2 ssse3 cx16 xtpr pdcm pcid sse4_1 sse4_2 x2apic popcnt tsc_deadline_timer aes xsave avx f16c rdrand lahf_lm epb tpr_shadow vnmi flexpriority ept vpid fsgsbase smep erms xsaveopt dtherm ida arat pln pts
bugs		:
bogomips	: 4988.64
clflush size	: 64
cache_alignment	: 64
address sizes	: 36 bits physical, 48 bits virtual
power management:

processor	: 2
vendor_id	: GenuineIntel
cpu family	: 6
model		: 58
model name	: Intel(R) Core(TM) i5-3210M CPU @ 2.50GHz
stepping	: 9
microcode	: 0x1c
cpu MHz		: 1215.820
cache size	: 3072 KB
physical id	: 0
siblings	: 4
core id		: 1
cpu cores	: 2
apicid		: 2
initial apicid	: 2
fpu		: yes
fpu_exception	: yes
cpuid level	: 13
wp		: yes
flags		: fpu vme de pse tsc msr pae mce cx8 apic sep mtrr pge mca cmov pat pse36 clflush dts acpi mmx fxsr sse sse2 ss ht tm pbe syscall nx rdtscp lm constant_tsc arch_perfmon pebs bts rep_good nopl xtopology nonstop_tsc aperfmperf eagerfpu pni pclmulqdq dtes64 monitor ds_cpl vmx est tm2 ssse3 cx16 xtpr pdcm pcid sse4_1 sse4_2 x2apic popcnt tsc_deadline_timer aes xsave avx f16c rdrand lahf_lm epb tpr_shadow vnmi flexpriority ept vpid fsgsbase smep erms xsaveopt dtherm ida arat pln pts
bugs		:
bogomips	: 4988.64
clflush size	: 64
cache_alignment	: 64
address sizes	: 36 bits physical, 48 bits virtual
power management:

processor	: 3
vendor_id	: GenuineIntel
cpu family	: 6
model		: 58
model name	: Intel(R) Core(TM) i5-3210M CPU @ 2.50GHz
stepping	: 9
microcode	: 0x1c
cpu MHz		: 1200.195
cache size	: 3072 KB
physical id	: 0
siblings	: 4
core id		: 1
cpu cores	: 2
apicid		: 3
initial apicid	: 3
fpu		: yes
fpu_exception	: yes
cpuid level	: 13
wp		: yes
flags		: fpu vme de pse tsc msr pae mce cx8 apic sep mtrr pge mca cmov pat pse36 clflush dts acpi mmx fxsr sse sse2 ss ht tm pbe syscall nx rdtscp lm constant_tsc arch_perfmon pebs bts rep_good nopl xtopology nonstop_tsc aperfmperf eagerfpu pni pclmulqdq dtes64 monitor ds_cpl vmx est tm2 ssse3 cx16 xtpr pdcm pcid sse4_1 sse4_2 x2apic popcnt tsc_deadline_timer aes xsave avx f16c rdrand lahf_lm epb tpr_shadow vnmi flexpriority ept vpid fsgsbase smep erms xsaveopt dtherm ida arat pln pts
bugs		:
bogomips	: 4988.64
clflush size	: 64
cache_alignment	: 64
address sizes	: 36 bits physical, 48 bits virtual
power management:



Memory: 4k page, physical 3907028k(105960k free), swap 0k(0k free)

vm_info: OpenJDK 64-Bit Server VM (25.112-b06) for linux-amd64 JRE (1.8.0_112-release-b06), built on Dec  6 2016 12:11:18 by "builder" with gcc 4.8.4

time: Mon Nov 27 18:10:59 2017
elapsed time: 24 seconds (0d 0h 0m 24s)

